Epoch 0/24
----------
train Loss: 1.8709 Acc: 0.3095
val Loss: 1.7138 Acc: 0.3913

Epoch 1/24
----------
train Loss: 1.6157 Acc: 0.4091
val Loss: 1.5401 Acc: 0.4381

Epoch 2/24
----------
train Loss: 1.5016 Acc: 0.4498
val Loss: 1.4406 Acc: 0.4664

Epoch 3/24
----------
train Loss: 1.4399 Acc: 0.4754
val Loss: 1.2847 Acc: 0.5302

Epoch 4/24
----------
train Loss: 1.3673 Acc: 0.4969
val Loss: 1.2955 Acc: 0.5245

Epoch 5/24
----------
train Loss: 1.3183 Acc: 0.5202
val Loss: 1.2870 Acc: 0.5347

Epoch 6/24
----------
train Loss: 1.2729 Acc: 0.5378
val Loss: 1.2549 Acc: 0.5380

Epoch 7/24
----------
train Loss: 1.1424 Acc: 0.5936
val Loss: 1.0049 Acc: 0.6416

Epoch 8/24
----------
train Loss: 1.0513 Acc: 0.6209
val Loss: 0.9239 Acc: 0.6691

Epoch 9/24
----------
train Loss: 0.9755 Acc: 0.6495
val Loss: 0.8634 Acc: 0.6902

Epoch 10/24
----------
train Loss: 0.9285 Acc: 0.6711
val Loss: 0.8071 Acc: 0.7105

Epoch 11/24
----------
train Loss: 0.8870 Acc: 0.6808
val Loss: 0.7657 Acc: 0.7341

Epoch 12/24
----------
train Loss: 0.8552 Acc: 0.6954
val Loss: 0.7134 Acc: 0.7483

Epoch 13/24
----------
train Loss: 0.7981 Acc: 0.7073
val Loss: 0.6577 Acc: 0.7742

Epoch 14/24
----------
train Loss: 0.7025 Acc: 0.7497
val Loss: 0.6262 Acc: 0.7825

Epoch 15/24
----------
train Loss: 0.6825 Acc: 0.7584
val Loss: 0.6271 Acc: 0.7834

Epoch 16/24
----------
train Loss: 0.6717 Acc: 0.7596
val Loss: 0.6055 Acc: 0.7893

Epoch 17/24
----------
train Loss: 0.6763 Acc: 0.7620
val Loss: 0.5978 Acc: 0.7967

Epoch 18/24
----------
train Loss: 0.6612 Acc: 0.7666
val Loss: 0.5870 Acc: 0.7990

Epoch 19/24
----------
train Loss: 0.6524 Acc: 0.7735
val Loss: 0.5924 Acc: 0.8023

Epoch 20/24
----------
train Loss: 0.6269 Acc: 0.7780
val Loss: 0.6154 Acc: 0.7940

Epoch 21/24
----------
train Loss: 0.6313 Acc: 0.7834
val Loss: 0.5675 Acc: 0.8053

Epoch 22/24
----------
train Loss: 0.6304 Acc: 0.7758
val Loss: 0.5655 Acc: 0.8048

Epoch 23/24
----------
train Loss: 0.6238 Acc: 0.7801
val Loss: 0.5701 Acc: 0.8050

Epoch 24/24
----------
train Loss: 0.6172 Acc: 0.7810
val Loss: 0.5821 Acc: 0.8053

Best val Acc: 0.805326


--------------------------- Train .ipynb

Epoch 0/24
----------
train Loss: 1.8490 Acc: 0.3293
val Loss: 1.6199 Acc: 0.4003

Epoch 1/24
----------
train Loss: 1.5876 Acc: 0.4277
val Loss: 1.4545 Acc: 0.4772

Epoch 2/24
----------
train Loss: 1.4912 Acc: 0.4577
val Loss: 1.3652 Acc: 0.4991

Epoch 3/24
----------
train Loss: 1.4013 Acc: 0.5009
val Loss: 1.3179 Acc: 0.5135

Epoch 4/24
----------
train Loss: 1.3326 Acc: 0.5178
val Loss: 1.2213 Acc: 0.5560

Epoch 5/24
----------
train Loss: 1.2581 Acc: 0.5394
val Loss: 1.2268 Acc: 0.5421

Epoch 6/24
----------
train Loss: 1.2301 Acc: 0.5680
val Loss: 1.0885 Acc: 0.6132

Epoch 7/24
----------
train Loss: 1.0409 Acc: 0.6371
val Loss: 0.9062 Acc: 0.6814

Epoch 8/24
----------
train Loss: 0.9434 Acc: 0.6677
val Loss: 0.8335 Acc: 0.7116

Epoch 9/24
----------
train Loss: 0.8935 Acc: 0.6871
val Loss: 0.7821 Acc: 0.7274

Epoch 10/24
----------
train Loss: 0.8497 Acc: 0.6983
val Loss: 0.7504 Acc: 0.7382

Epoch 11/24
----------
train Loss: 0.8028 Acc: 0.7128
val Loss: 0.6760 Acc: 0.7623

Epoch 12/24
----------
train Loss: 0.7635 Acc: 0.7319
val Loss: 0.6151 Acc: 0.7935

Epoch 13/24
----------
train Loss: 0.6974 Acc: 0.7602
val Loss: 0.5900 Acc: 0.8023

Epoch 14/24
----------
train Loss: 0.6192 Acc: 0.7836
val Loss: 0.5562 Acc: 0.8120

Epoch 15/24
----------
train Loss: 0.5852 Acc: 0.7936
val Loss: 0.5268 Acc: 0.8221

Epoch 16/24
----------
train Loss: 0.5921 Acc: 0.7988
val Loss: 0.5170 Acc: 0.8267

Epoch 17/24
----------
train Loss: 0.5776 Acc: 0.8017
val Loss: 0.4973 Acc: 0.8323

Epoch 18/24
----------
train Loss: 0.5739 Acc: 0.8001
val Loss: 0.5116 Acc: 0.8323

Epoch 19/24
----------
train Loss: 0.5543 Acc: 0.8066
val Loss: 0.5196 Acc: 0.8350

Epoch 20/24
----------
train Loss: 0.5452 Acc: 0.8093
val Loss: 0.4795 Acc: 0.8436

Epoch 21/24
----------
train Loss: 0.5364 Acc: 0.8161
val Loss: 0.4859 Acc: 0.8404

Epoch 22/24
----------
train Loss: 0.5259 Acc: 0.8156
val Loss: 0.4830 Acc: 0.8433

Epoch 23/24
----------
train Loss: 0.5294 Acc: 0.8127
val Loss: 0.5032 Acc: 0.8397

Epoch 24/24
----------
train Loss: 0.5315 Acc: 0.8190
val Loss: 0.5092 Acc: 0.8404

Best val Acc: 0.843649