Epoch 0/24
----------
train Loss: 1.9577 Acc: 0.2458
val Loss: 1.9514 Acc: 0.2607

Epoch 1/24
----------
train Loss: 1.9460 Acc: 0.2584
val Loss: 1.9328 Acc: 0.2614

Epoch 2/24
----------
train Loss: 1.9320 Acc: 0.2647
val Loss: 1.9367 Acc: 0.2609

Epoch 3/24
----------
train Loss: 1.9195 Acc: 0.2715
val Loss: 1.9196 Acc: 0.2659

Epoch 4/24
----------
train Loss: 1.9130 Acc: 0.2695
val Loss: 1.9004 Acc: 0.2796

Epoch 5/24
----------
train Loss: 1.9052 Acc: 0.2765
val Loss: 1.9089 Acc: 0.2776

Epoch 6/24
----------
train Loss: 1.8925 Acc: 0.2832
val Loss: 1.8878 Acc: 0.2823

Epoch 7/24
----------
train Loss: 1.8773 Acc: 0.2879
val Loss: 1.8709 Acc: 0.2906

Epoch 8/24
----------
train Loss: 1.8703 Acc: 0.2911
val Loss: 1.8665 Acc: 0.2915

Epoch 9/24
----------
train Loss: 1.8668 Acc: 0.2918
val Loss: 1.8666 Acc: 0.2922

Epoch 10/24
----------
train Loss: 1.8643 Acc: 0.2926
val Loss: 1.8606 Acc: 0.2922

Epoch 11/24
----------
train Loss: 1.8632 Acc: 0.2935
val Loss: 1.8591 Acc: 0.2963

Epoch 12/24
----------
train Loss: 1.8604 Acc: 0.2947
val Loss: 1.8571 Acc: 0.2978

Epoch 13/24
----------
train Loss: 1.8593 Acc: 0.2956
val Loss: 1.8549 Acc: 0.2981

Epoch 14/24
----------
train Loss: 1.8554 Acc: 0.2954
val Loss: 1.8540 Acc: 0.2976

Epoch 15/24
----------
train Loss: 1.8547 Acc: 0.2978
val Loss: 1.8536 Acc: 0.2976

Epoch 16/24
----------
train Loss: 1.8543 Acc: 0.2967
val Loss: 1.8534 Acc: 0.2978

Epoch 17/24
----------
train Loss: 1.8543 Acc: 0.2951
val Loss: 1.8532 Acc: 0.2979

Epoch 18/24
----------
train Loss: 1.8544 Acc: 0.2976
val Loss: 1.8530 Acc: 0.2981

Epoch 19/24
----------
train Loss: 1.8536 Acc: 0.2961
val Loss: 1.8528 Acc: 0.2987

Epoch 20/24
----------
train Loss: 1.8533 Acc: 0.2970
val Loss: 1.8526 Acc: 0.2981

Epoch 21/24
----------
train Loss: 1.8527 Acc: 0.2970
val Loss: 1.8526 Acc: 0.2981

Epoch 22/24
----------
train Loss: 1.8528 Acc: 0.2978
val Loss: 1.8526 Acc: 0.2981

Epoch 23/24
----------
train Loss: 1.8527 Acc: 0.2965
val Loss: 1.8525 Acc: 0.2981

Epoch 24/24
----------
train Loss: 1.8530 Acc: 0.2974
val Loss: 1.8525 Acc: 0.2981

Best val Acc: 0.298669